<?xml version="1.0" encoding="UTF-8"?>
<!-- Generated by org.testng.reporters.JUnitXMLReporter -->
<testsuite hostname="BDC6-DX-HRWVXC2" ignored="1" name="Default test" tests="4" failures="0" timestamp="19 Jun 2019 08:59:51 GMT" time="16.273" errors="0">
  <testcase name="browser" time="8.617" classname="testmeapp.tests.OnlineShoppingTest"/>
  <testcase name="testLogin" time="1.342" classname="testmeapp.tests.OnlineShoppingTest"/>
  <testcase name="testCart" time="1.489" classname="testmeapp.tests.OnlineShoppingTest"/>
  <testcase name="testPayment" time="4.772" classname="testmeapp.tests.OnlineShoppingTest"/>
  <testcase name="testRegistration" time="0.0" classname="testmeapp.tests.OnlineShoppingTest">
    <ignored/>
  </testcase> <!-- testRegistration -->
</testsuite> <!-- Default test -->
