<?xml version="1.0" encoding="UTF-8"?>
<testng-results skipped="0" failed="0" ignored="1" total="5" passed="4">
  <reporter-output>
  </reporter-output>
  <suite name="Default suite" duration-ms="16273" started-at="2019-06-19T08:59:35Z" finished-at="2019-06-19T08:59:51Z">
    <groups>
    </groups>
    <test name="Default test" duration-ms="16273" started-at="2019-06-19T08:59:35Z" finished-at="2019-06-19T08:59:51Z">
      <class name="testmeapp.tests.OnlineShoppingTest">
        <test-method status="PASS" signature="browser()[pri:1, instance:testmeapp.tests.OnlineShoppingTest@27efef64]" name="browser" duration-ms="8617" started-at="2019-06-19T08:59:35Z" finished-at="2019-06-19T08:59:43Z">
          <reporter-output>
          </reporter-output>
        </test-method> <!-- browser -->
        <test-method status="PASS" signature="testLogin()[pri:3, instance:testmeapp.tests.OnlineShoppingTest@27efef64]" name="testLogin" duration-ms="1342" started-at="2019-06-19T08:59:43Z" finished-at="2019-06-19T08:59:45Z">
          <reporter-output>
          </reporter-output>
        </test-method> <!-- testLogin -->
        <test-method status="PASS" signature="testCart()[pri:4, instance:testmeapp.tests.OnlineShoppingTest@27efef64]" name="testCart" duration-ms="1489" started-at="2019-06-19T08:59:45Z" finished-at="2019-06-19T08:59:46Z">
          <reporter-output>
          </reporter-output>
        </test-method> <!-- testCart -->
        <test-method status="PASS" signature="testPayment()[pri:5, instance:testmeapp.tests.OnlineShoppingTest@27efef64]" name="testPayment" duration-ms="4772" started-at="2019-06-19T08:59:46Z" finished-at="2019-06-19T08:59:51Z">
          <reporter-output>
          </reporter-output>
        </test-method> <!-- testPayment -->
      </class> <!-- testmeapp.tests.OnlineShoppingTest -->
    </test> <!-- Default test -->
  </suite> <!-- Default suite -->
</testng-results>
